<?xml version="1.0" encoding="UTF-8"?>
<testsuite xmlns:xsi="http://www.w3.org/2001/XMLSchema-instance" xsi:noNamespaceSchemaLocation="https://maven.apache.org/surefire/maven-surefire-plugin/xsd/surefire-test-report-3.0.xsd" version="3.0" name="uqam.inf5153.batailleNavale.SaisieTest" time="0.057" tests="8" errors="0" skipped="0" failures="0">
  <properties>
[...]
</properties>
  <testcase name="saisirBombeTest" classname="uqam.inf5153.batailleNavale.SaisieTest" time="0.025"/>
  <testcase name="saisirNavireTest" classname="uqam.inf5153.batailleNavale.SaisieTest" time="0.008"/>
  <testcase name="avecBombeTest" classname="uqam.inf5153.batailleNavale.SaisieTest" time="0.002"/>
  <testcase name="saisirAlignementTest" classname="uqam.inf5153.batailleNavale.SaisieTest" time="0.001"/>
  <testcase name="choisirDifficulteTest" classname="uqam.inf5153.batailleNavale.SaisieTest" time="0.001"/>
  <testcase name="afficherGagnantTest" classname="uqam.inf5153.batailleNavale.SaisieTest" time="0.001"/>
  <testcase name="saisirTirTest" classname="uqam.inf5153.batailleNavale.SaisieTest" time="0"/>
  <testcase name="typeDocumentTest" classname="uqam.inf5153.batailleNavale.SaisieTest" time="0.001"/>
</testsuite>